<?xml version="1.0" encoding="UTF-8"?>
<testsuite xmlns:xsi="http://www.w3.org/2001/XMLSchema-instance" xsi:noNamespaceSchemaLocation="https://maven.apache.org/surefire/maven-surefire-plugin/xsd/surefire-test-report.xsd" name="registerServletTest" time="0.156" tests="2" errors="0" skipped="0" failures="0">
  <properties>
[...]
</properties>
  <testcase name="testDoPostWithValidParameters" classname="registerServletTest" time="0.099"/>
  <testcase name="testDoPostWithInvalidParameters" classname="registerServletTest" time="0.053"/>
</testsuite>